This is pdfTeX, Version 3.141592653-2.6-1.40.23 (TeX Live 2021) (preloaded format=pdflatex 2022.2.17)  8 MAR 2022 14:39
entering extended mode
 restricted \write18 enabled.
 %&-line parsing enabled.
**ombibot_description.tex
(./ombibot_description.tex
LaTeX2e <2021-11-15> patch level 1
L3 programming layer <2022-02-05>
(/opt/texlive/2021/texmf-dist/tex/latex/base/article.cls
Document Class: article 2021/10/04 v1.4n Standard LaTeX document class
(/opt/texlive/2021/texmf-dist/tex/latex/base/size10.clo
File: size10.clo 2021/10/04 v1.4n Standard LaTeX file (size option)
)
\c@part=\count185
\c@section=\count186
\c@subsection=\count187
\c@subsubsection=\count188
\c@paragraph=\count189
\c@subparagraph=\count190
\c@figure=\count191
\c@table=\count192
\abovecaptionskip=\skip47
\belowcaptionskip=\skip48
\bibindent=\dimen138
)
(/opt/texlive/2021/texmf-dist/tex/latex/base/inputenc.sty
Package: inputenc 2021/02/14 v1.3d Input encoding file
\inpenc@prehook=\toks16
\inpenc@posthook=\toks17
)
(/opt/texlive/2021/texmf-dist/tex/latex/base/fontenc.sty
Package: fontenc 2021/04/29 v2.0v Standard LaTeX package
)
(/opt/texlive/2021/texmf-dist/tex/latex/url/url.sty
\Urlmuskip=\muskip16
Package: url 2013/09/16  ver 3.4  Verb mode for urls, etc.
)
(/opt/texlive/2021/texmf-dist/tex/latex/amsmath/amsmath.sty
Package: amsmath 2021/10/15 v2.17l AMS math features
\@mathmargin=\skip49

For additional information on amsmath, use the `?' option.
(/opt/texlive/2021/texmf-dist/tex/latex/amsmath/amstext.sty
Package: amstext 2021/08/26 v2.01 AMS text

(/opt/texlive/2021/texmf-dist/tex/latex/amsmath/amsgen.sty
File: amsgen.sty 1999/11/30 v2.0 generic functions
\@emptytoks=\toks18
\ex@=\dimen139
))
(/opt/texlive/2021/texmf-dist/tex/latex/amsmath/amsbsy.sty
Package: amsbsy 1999/11/29 v1.2d Bold Symbols
\pmbraise@=\dimen140
)
(/opt/texlive/2021/texmf-dist/tex/latex/amsmath/amsopn.sty
Package: amsopn 2021/08/26 v2.02 operator names
)
\inf@bad=\count193
LaTeX Info: Redefining \frac on input line 234.
\uproot@=\count194
\leftroot@=\count195
LaTeX Info: Redefining \overline on input line 399.
\classnum@=\count196
\DOTSCASE@=\count197
LaTeX Info: Redefining \ldots on input line 496.
LaTeX Info: Redefining \dots on input line 499.
LaTeX Info: Redefining \cdots on input line 620.
\Mathstrutbox@=\box50
\strutbox@=\box51
\big@size=\dimen141
LaTeX Font Info:    Redeclaring font encoding OML on input line 743.
LaTeX Font Info:    Redeclaring font encoding OMS on input line 744.
\macc@depth=\count198
\c@MaxMatrixCols=\count199
\dotsspace@=\muskip17
\c@parentequation=\count266
\dspbrk@lvl=\count267
\tag@help=\toks19
\row@=\count268
\column@=\count269
\maxfields@=\count270
\andhelp@=\toks20
\eqnshift@=\dimen142
\alignsep@=\dimen143
\tagshift@=\dimen144
\tagwidth@=\dimen145
\totwidth@=\dimen146
\lineht@=\dimen147
\@envbody=\toks21
\multlinegap=\skip50
\multlinetaggap=\skip51
\mathdisplay@stack=\toks22
LaTeX Info: Redefining \[ on input line 2938.
LaTeX Info: Redefining \] on input line 2939.
)
(/opt/texlive/2021/texmf-dist/tex/latex/amsfonts/amsfonts.sty
Package: amsfonts 2013/01/14 v3.01 Basic AMSFonts support
\symAMSa=\mathgroup4
\symAMSb=\mathgroup5
LaTeX Font Info:    Redeclaring math symbol \hbar on input line 98.
LaTeX Font Info:    Overwriting math alphabet `\mathfrak' in version `bold'
(Font)                  U/euf/m/n --> U/euf/b/n on input line 106.
)
(/opt/texlive/2021/texmf-dist/tex/latex/amsfonts/amssymb.sty
Package: amssymb 2013/01/14 v3.01 AMS font symbols
)
(/opt/texlive/2021/texmf-dist/tex/latex/graphics/graphicx.sty
Package: graphicx 2021/09/16 v1.2d Enhanced LaTeX Graphics (DPC,SPQR)

(/opt/texlive/2021/texmf-dist/tex/latex/graphics/keyval.sty
Package: keyval 2014/10/28 v1.15 key=value parser (DPC)
\KV@toks@=\toks23
)
(/opt/texlive/2021/texmf-dist/tex/latex/graphics/graphics.sty
Package: graphics 2021/03/04 v1.4d Standard LaTeX Graphics (DPC,SPQR)

(/opt/texlive/2021/texmf-dist/tex/latex/graphics/trig.sty
Package: trig 2021/08/11 v1.11 sin cos tan (DPC)
)
(/opt/texlive/2021/texmf-dist/tex/latex/graphics-cfg/graphics.cfg
File: graphics.cfg 2016/06/04 v1.11 sample graphics configuration
)
Package graphics Info: Driver file: pdftex.def on input line 107.

(/opt/texlive/2021/texmf-dist/tex/latex/graphics-def/pdftex.def
File: pdftex.def 2020/10/05 v1.2a Graphics/color driver for pdftex
))
\Gin@req@height=\dimen148
\Gin@req@width=\dimen149
)
(/opt/texlive/2021/texmf-dist/tex/latex/caption/caption.sty
Package: caption 2020/10/26 v3.5g Customizing captions (AR)

(/opt/texlive/2021/texmf-dist/tex/latex/caption/caption3.sty
Package: caption3 2020/10/21 v2.2e caption3 kernel (AR)
\captionmargin=\dimen150
\captionmargin@=\dimen151
\captionwidth=\dimen152
\caption@tempdima=\dimen153
\caption@indent=\dimen154
\caption@parindent=\dimen155
\caption@hangindent=\dimen156
Package caption Info: Standard document class detected.
)
\c@caption@flags=\count271
\c@continuedfloat=\count272
)
(/opt/texlive/2021/texmf-dist/tex/latex/caption/subcaption.sty
Package: subcaption 2020/10/07 v1.3j Sub-captions (AR)
\c@subfigure=\count273
\c@subtable=\count274
)
(/opt/texlive/2021/texmf-dist/tex/latex/xcolor/xcolor.sty
Package: xcolor 2021/10/31 v2.13 LaTeX color extensions (UK)

(/opt/texlive/2021/texmf-dist/tex/latex/graphics-cfg/color.cfg
File: color.cfg 2016/01/02 v1.6 sample color configuration
)
Package xcolor Info: Driver file: pdftex.def on input line 227.
Package xcolor Info: Model `cmy' substituted by `cmy0' on input line 1352.
Package xcolor Info: Model `hsb' substituted by `rgb' on input line 1356.
Package xcolor Info: Model `RGB' extended on input line 1368.
Package xcolor Info: Model `HTML' substituted by `rgb' on input line 1370.
Package xcolor Info: Model `Hsb' substituted by `hsb' on input line 1371.
Package xcolor Info: Model `tHsb' substituted by `hsb' on input line 1372.
Package xcolor Info: Model `HSB' substituted by `hsb' on input line 1373.
Package xcolor Info: Model `Gray' substituted by `gray' on input line 1374.
Package xcolor Info: Model `wave' substituted by `hsb' on input line 1375.
)
(/opt/texlive/2021/texmf-dist/tex/latex/l3backend/l3backend-pdftex.def
File: l3backend-pdftex.def 2022-02-07 L3 backend support: PDF output (pdfTeX)
\l__color_backend_stack_int=\count275
\l__pdf_internal_box=\box52
)
(./ombibot_description.aux)
\openout1 = `ombibot_description.aux'.

LaTeX Font Info:    Checking defaults for OML/cmm/m/it on input line 14.
LaTeX Font Info:    ... okay on input line 14.
LaTeX Font Info:    Checking defaults for OMS/cmsy/m/n on input line 14.
LaTeX Font Info:    ... okay on input line 14.
LaTeX Font Info:    Checking defaults for OT1/cmr/m/n on input line 14.
LaTeX Font Info:    ... okay on input line 14.
LaTeX Font Info:    Checking defaults for T1/cmr/m/n on input line 14.
LaTeX Font Info:    ... okay on input line 14.
LaTeX Font Info:    Checking defaults for TS1/cmr/m/n on input line 14.
LaTeX Font Info:    ... okay on input line 14.
LaTeX Font Info:    Checking defaults for OMX/cmex/m/n on input line 14.
LaTeX Font Info:    ... okay on input line 14.
LaTeX Font Info:    Checking defaults for U/cmr/m/n on input line 14.
LaTeX Font Info:    ... okay on input line 14.

(/opt/texlive/2021/texmf-dist/tex/context/base/mkii/supp-pdf.mkii
[Loading MPS to PDF converter (version 2006.09.02).]
\scratchcounter=\count276
\scratchdimen=\dimen157
\scratchbox=\box53
\nofMPsegments=\count277
\nofMParguments=\count278
\everyMPshowfont=\toks24
\MPscratchCnt=\count279
\MPscratchDim=\dimen158
\MPnumerator=\count280
\makeMPintoPDFobject=\count281
\everyMPtoPDFconversion=\toks25
) (/opt/texlive/2021/texmf-dist/tex/latex/epstopdf-pkg/epstopdf-base.sty
Package: epstopdf-base 2020-01-24 v2.11 Base part for package epstopdf
Package epstopdf-base Info: Redefining graphics rule for `.eps' on input line 4
85.

(/opt/texlive/2021/texmf-dist/tex/latex/latexconfig/epstopdf-sys.cfg
File: epstopdf-sys.cfg 2010/07/13 v1.3 Configuration of (r)epstopdf for TeX Liv
e
))
Package caption Info: Begin \AtBeginDocument code.
Package caption Info: End \AtBeginDocument code.
<figs/bot.jpg, id=1, 4047.12pt x 3035.34pt>
File: figs/bot.jpg Graphic file (type jpg)
<use figs/bot.jpg>
Package pdftex.def Info: figs/bot.jpg  used on input line 29.
(pdftex.def)             Requested size: 345.0pt x 258.71838pt.
 [1

{/var/lib/texlive/2021/fonts/map/pdftex/updmap/pdftex.map} <./figs/bot.jpg>]
<figs/dynamics.png, id=9, 819.06pt x 852.18375pt>
File: figs/dynamics.png Graphic file (type png)
<use figs/dynamics.png>
Package pdftex.def Info: figs/dynamics.png  used on input line 51.
(pdftex.def)             Requested size: 137.9979pt x 143.56898pt.
LaTeX Font Info:    Trying to load font information for U+msa on input line 56.


(/opt/texlive/2021/texmf-dist/tex/latex/amsfonts/umsa.fd
File: umsa.fd 2013/01/14 v3.01 AMS symbols A
)
LaTeX Font Info:    Trying to load font information for U+msb on input line 56.


(/opt/texlive/2021/texmf-dist/tex/latex/amsfonts/umsb.fd
File: umsb.fd 2013/01/14 v3.01 AMS symbols B
) [1 <./figs/dynamics.png>]
LaTeX Font Info:    Trying to load font information for T1+cmtt on input line 7
3.
 (/opt/texlive/2021/texmf-dist/tex/latex/base/t1cmtt.fd
File: t1cmtt.fd 2019/12/16 v2.5j Standard LaTeX font definitions
)
Overfull \hbox (127.96808pt too wide) in paragraph at lines 73--74
\T1/cmr/m/n/10 This is done via a light-house deck ($\T1/cmtt/m/n/10 https : / 
/ www . bitcraze . io / products / lighthouse-[]positioning-[]deck/$\T1/cmr/m/n
/10 )
 []

<figs/beacon.jpg, id=22, 4047.12pt x 3035.34pt>
File: figs/beacon.jpg Graphic file (type jpg)
<use figs/beacon.jpg>
Package pdftex.def Info: figs/beacon.jpg  used on input line 77.
(pdftex.def)             Requested size: 241.49895pt x 181.0936pt.

Underfull \hbox (badness 10000) in paragraph at lines 83--85

 []


Overfull \hbox (90.19258pt too wide) in paragraph at lines 86--89
\T1/cmr/bx/n/10 Cfclient\T1/cmr/m/n/10 : $\T1/cmtt/m/n/10 https : / / www . bit
craze . io / documentation / repository / crazyflie-[]clients-[]python /
 []


Underfull \hbox (badness 10000) in paragraph at lines 86--89

 []


Overfull \hbox (51.29236pt too wide) in paragraph at lines 90--92
\T1/cmr/m/n/10 sions: $\T1/cmtt/m/n/10 https : / / www . bitcraze . io / docume
ntation / repository / crazyflie-[]lib-[]python /
 []


Underfull \hbox (badness 10000) in paragraph at lines 90--92

 []


Overfull \hbox (18.16156pt too wide) in paragraph at lines 93--95
\T1/cmtt/m/n/10 bitcraze . io / documentation / repository / crazyflie-[]client
s-[]python / master /
 []

[2 <./figs/beacon.jpg>]
Overfull \hbox (101.41913pt too wide) in paragraph at lines 99--101
\T1/cmr/m/n/10 here: $\T1/cmtt/m/n/10 https : / / www . bitcraze . io / documen
tation / tutorials / getting-[]started-[]with-[]lighthouse/$ 
 []


Underfull \hbox (badness 10000) in paragraph at lines 107--110

 []


Overfull \hbox (8.13599pt too wide) in paragraph at lines 115--118
\T1/cmr/m/n/10 be found here: $\T1/cmtt/m/n/10 https : / / gitlab . control . l
th . se / anders _ blomdell / dynamixel$ 
 []


Underfull \hbox (badness 10000) in paragraph at lines 115--118

 []


Underfull \hbox (badness 10000) in paragraph at lines 123--127

 []

[3]
Underfull \hbox (badness 10000) in paragraph at lines 128--130

 []


Underfull \hbox (badness 10000) in paragraph at lines 131--133

 []


Underfull \hbox (badness 10000) in paragraph at lines 139--141

 []


Underfull \hbox (badness 10000) in paragraph at lines 142--144

 []

<figs/charger.jpg, id=33, 4047.12pt x 3035.34pt>
File: figs/charger.jpg Graphic file (type jpg)
<use figs/charger.jpg>
Package pdftex.def Info: figs/charger.jpg  used on input line 149.
(pdftex.def)             Requested size: 241.49895pt x 181.0936pt.
[4 <./figs/charger.jpg>] [5] (./ombibot_description.aux) ) 
Here is how much of TeX's memory you used:
 4721 strings out of 479077
 73781 string characters out of 5869644
 363665 words of memory out of 5000000
 22699 multiletter control sequences out of 15000+600000
 478125 words of font info for 46 fonts, out of 8000000 for 9000
 788 hyphenation exceptions out of 8191
 55i,8n,63p,454b,320s stack positions out of 5000i,500n,10000p,200000b,80000s
{/opt/texlive/2021/te
xmf-dist/fonts/enc/dvips/cm-super/cm-super-t1.enc}</opt/texlive/2021/texmf-dist
/fonts/type1/public/amsfonts/cm/cmex10.pfb></opt/texlive/2021/texmf-dist/fonts/
type1/public/amsfonts/cm/cmmi10.pfb></opt/texlive/2021/texmf-dist/fonts/type1/p
ublic/amsfonts/cm/cmr10.pfb></opt/texlive/2021/texmf-dist/fonts/type1/public/am
sfonts/cm/cmr7.pfb></opt/texlive/2021/texmf-dist/fonts/type1/public/amsfonts/cm
/cmsy10.pfb></opt/texlive/2021/texmf-dist/fonts/type1/public/cm-super/sfbx1000.
pfb></opt/texlive/2021/texmf-dist/fonts/type1/public/cm-super/sfbx1200.pfb></op
t/texlive/2021/texmf-dist/fonts/type1/public/cm-super/sfbx1440.pfb></opt/texliv
e/2021/texmf-dist/fonts/type1/public/cm-super/sfbx2488.pfb></opt/texlive/2021/t
exmf-dist/fonts/type1/public/cm-super/sfrm1000.pfb></opt/texlive/2021/texmf-dis
t/fonts/type1/public/cm-super/sfrm2488.pfb></opt/texlive/2021/texmf-dist/fonts/
type1/public/cm-super/sfti1000.pfb></opt/texlive/2021/texmf-dist/fonts/type1/pu
blic/cm-super/sftt1000.pfb>
Output written on ombibot_description.pdf (6 pages, 7029374 bytes).
PDF statistics:
 95 PDF objects out of 1000 (max. 8388607)
 55 compressed objects within 1 object stream
 0 named destinations out of 1000 (max. 500000)
 21 words of extra memory for PDF output out of 10000 (max. 10000000)

